I, [2018-09-16T20:28:08.786526 #18904]  INFO -- Kitchen: -----> Starting Kitchen (v1.23.2)
E, [2018-09-16T20:28:08.878720 #18904] ERROR -- Kitchen: ------Exception-------
E, [2018-09-16T20:28:08.878852 #18904] ERROR -- Kitchen: Class: Kitchen::ShellOut::ShellCommandFailed
E, [2018-09-16T20:28:08.878959 #18904] ERROR -- Kitchen: Message: Expected process to exit with [0], but received '1'
---- Begin output of vagrant --version ----
STDOUT: 
STDERR: 'vagrant' is not recognized as an internal or external command,
operable program or batch file.
---- End output of vagrant --version ----
Ran vagrant --version returned 1
E, [2018-09-16T20:28:08.879055 #18904] ERROR -- Kitchen: ----------------------
E, [2018-09-16T20:28:08.879146 #18904] ERROR -- Kitchen: ------Backtrace-------
E, [2018-09-16T20:28:08.879234 #18904] ERROR -- Kitchen: C:/opscode/chefdk/embedded/lib/ruby/gems/2.5.0/gems/test-kitchen-1.23.2/lib/kitchen/shell_out.rb:71:in `rescue in run_command'
E, [2018-09-16T20:28:08.879306 #18904] ERROR -- Kitchen: C:/opscode/chefdk/embedded/lib/ruby/gems/2.5.0/gems/test-kitchen-1.23.2/lib/kitchen/shell_out.rb:58:in `run_command'
E, [2018-09-16T20:28:08.879407 #18904] ERROR -- Kitchen: C:/opscode/chefdk/embedded/lib/ruby/gems/2.5.0/gems/kitchen-vagrant-1.3.3/lib/kitchen/driver/vagrant.rb:452:in `run_command'
E, [2018-09-16T20:28:08.879507 #18904] ERROR -- Kitchen: C:/opscode/chefdk/embedded/lib/ruby/gems/2.5.0/gems/kitchen-vagrant-1.3.3/lib/kitchen/driver/vagrant.rb:399:in `run'
E, [2018-09-16T20:28:08.879613 #18904] ERROR -- Kitchen: C:/opscode/chefdk/embedded/lib/ruby/gems/2.5.0/gems/kitchen-vagrant-1.3.3/lib/kitchen/driver/vagrant.rb:473:in `run_silently'
E, [2018-09-16T20:28:08.879714 #18904] ERROR -- Kitchen: C:/opscode/chefdk/embedded/lib/ruby/gems/2.5.0/gems/kitchen-vagrant-1.3.3/lib/kitchen/driver/vagrant.rb:539:in `vagrant_version'
E, [2018-09-16T20:28:08.879784 #18904] ERROR -- Kitchen: C:/opscode/chefdk/embedded/lib/ruby/gems/2.5.0/gems/kitchen-vagrant-1.3.3/lib/kitchen/driver/vagrant.rb:187:in `verify_dependencies'
E, [2018-09-16T20:28:08.879829 #18904] ERROR -- Kitchen: C:/opscode/chefdk/embedded/lib/ruby/gems/2.5.0/gems/test-kitchen-1.23.2/lib/kitchen/driver.rb:43:in `for_plugin'
E, [2018-09-16T20:28:08.879870 #18904] ERROR -- Kitchen: C:/opscode/chefdk/embedded/lib/ruby/gems/2.5.0/gems/test-kitchen-1.23.2/lib/kitchen/config.rb:234:in `new_driver'
E, [2018-09-16T20:28:08.879917 #18904] ERROR -- Kitchen: C:/opscode/chefdk/embedded/lib/ruby/gems/2.5.0/gems/test-kitchen-1.23.2/lib/kitchen/config.rb:247:in `new_instance'
E, [2018-09-16T20:28:08.879985 #18904] ERROR -- Kitchen: C:/opscode/chefdk/embedded/lib/ruby/gems/2.5.0/gems/test-kitchen-1.23.2/lib/kitchen/config.rb:142:in `block in build_instances'
E, [2018-09-16T20:28:08.880027 #18904] ERROR -- Kitchen: C:/opscode/chefdk/embedded/lib/ruby/gems/2.5.0/gems/test-kitchen-1.23.2/lib/kitchen/config.rb:141:in `map'
E, [2018-09-16T20:28:08.880066 #18904] ERROR -- Kitchen: C:/opscode/chefdk/embedded/lib/ruby/gems/2.5.0/gems/test-kitchen-1.23.2/lib/kitchen/config.rb:141:in `with_index'
E, [2018-09-16T20:28:08.880104 #18904] ERROR -- Kitchen: C:/opscode/chefdk/embedded/lib/ruby/gems/2.5.0/gems/test-kitchen-1.23.2/lib/kitchen/config.rb:141:in `build_instances'
E, [2018-09-16T20:28:08.880141 #18904] ERROR -- Kitchen: C:/opscode/chefdk/embedded/lib/ruby/gems/2.5.0/gems/test-kitchen-1.23.2/lib/kitchen/config.rb:117:in `instances'
E, [2018-09-16T20:28:08.880178 #18904] ERROR -- Kitchen: C:/opscode/chefdk/embedded/lib/ruby/gems/2.5.0/gems/test-kitchen-1.23.2/lib/kitchen/command.rb:112:in `filtered_instances'
E, [2018-09-16T20:28:08.880215 #18904] ERROR -- Kitchen: C:/opscode/chefdk/embedded/lib/ruby/gems/2.5.0/gems/test-kitchen-1.23.2/lib/kitchen/command.rb:142:in `parse_subcommand'
E, [2018-09-16T20:28:08.880251 #18904] ERROR -- Kitchen: C:/opscode/chefdk/embedded/lib/ruby/gems/2.5.0/gems/test-kitchen-1.23.2/lib/kitchen/command/test.rb:40:in `block in call'
E, [2018-09-16T20:28:08.880326 #18904] ERROR -- Kitchen: C:/opscode/chefdk/embedded/lib/ruby/2.5.0/benchmark.rb:293:in `measure'
E, [2018-09-16T20:28:08.880395 #18904] ERROR -- Kitchen: C:/opscode/chefdk/embedded/lib/ruby/gems/2.5.0/gems/test-kitchen-1.23.2/lib/kitchen/command/test.rb:38:in `call'
E, [2018-09-16T20:28:08.880437 #18904] ERROR -- Kitchen: C:/opscode/chefdk/embedded/lib/ruby/gems/2.5.0/gems/test-kitchen-1.23.2/lib/kitchen/cli.rb:52:in `perform'
E, [2018-09-16T20:28:08.880474 #18904] ERROR -- Kitchen: C:/opscode/chefdk/embedded/lib/ruby/gems/2.5.0/gems/test-kitchen-1.23.2/lib/kitchen/cli.rb:245:in `test'
E, [2018-09-16T20:28:08.880510 #18904] ERROR -- Kitchen: C:/opscode/chefdk/embedded/lib/ruby/gems/2.5.0/gems/thor-0.20.0/lib/thor/command.rb:27:in `run'
E, [2018-09-16T20:28:08.880546 #18904] ERROR -- Kitchen: C:/opscode/chefdk/embedded/lib/ruby/gems/2.5.0/gems/thor-0.20.0/lib/thor/invocation.rb:126:in `invoke_command'
E, [2018-09-16T20:28:08.880609 #18904] ERROR -- Kitchen: C:/opscode/chefdk/embedded/lib/ruby/gems/2.5.0/gems/thor-0.20.0/lib/thor.rb:387:in `dispatch'
E, [2018-09-16T20:28:08.880645 #18904] ERROR -- Kitchen: C:/opscode/chefdk/embedded/lib/ruby/gems/2.5.0/gems/thor-0.20.0/lib/thor/base.rb:466:in `start'
E, [2018-09-16T20:28:08.880681 #18904] ERROR -- Kitchen: C:/opscode/chefdk/embedded/lib/ruby/gems/2.5.0/gems/test-kitchen-1.23.2/bin/kitchen:13:in `block in <top (required)>'
E, [2018-09-16T20:28:08.880717 #18904] ERROR -- Kitchen: C:/opscode/chefdk/embedded/lib/ruby/gems/2.5.0/gems/test-kitchen-1.23.2/lib/kitchen/errors.rb:171:in `with_friendly_errors'
E, [2018-09-16T20:28:08.880753 #18904] ERROR -- Kitchen: C:/opscode/chefdk/embedded/lib/ruby/gems/2.5.0/gems/test-kitchen-1.23.2/bin/kitchen:13:in `<top (required)>'
E, [2018-09-16T20:28:08.880789 #18904] ERROR -- Kitchen: C:/opscode/chefdk/bin/kitchen:306:in `load'
E, [2018-09-16T20:28:08.880825 #18904] ERROR -- Kitchen: C:/opscode/chefdk/bin/kitchen:306:in `<main>'
E, [2018-09-16T20:28:08.880861 #18904] ERROR -- Kitchen: ----End Backtrace-----
E, [2018-09-16T20:28:08.880897 #18904] ERROR -- Kitchen: ---Nested Exception---
E, [2018-09-16T20:28:08.880932 #18904] ERROR -- Kitchen: Class: Mixlib::ShellOut::ShellCommandFailed
E, [2018-09-16T20:28:08.880968 #18904] ERROR -- Kitchen: Message: Expected process to exit with [0], but received '1'
---- Begin output of vagrant --version ----
STDOUT: 
STDERR: 'vagrant' is not recognized as an internal or external command,
operable program or batch file.
---- End output of vagrant --version ----
Ran vagrant --version returned 1
E, [2018-09-16T20:28:08.881004 #18904] ERROR -- Kitchen: ----------------------
E, [2018-09-16T20:28:08.881040 #18904] ERROR -- Kitchen: ------Backtrace-------
E, [2018-09-16T20:28:08.881075 #18904] ERROR -- Kitchen: C:/opscode/chefdk/embedded/lib/ruby/gems/2.5.0/gems/test-kitchen-1.23.2/lib/kitchen/shell_out.rb:71:in `rescue in run_command'
E, [2018-09-16T20:28:08.881111 #18904] ERROR -- Kitchen: C:/opscode/chefdk/embedded/lib/ruby/gems/2.5.0/gems/test-kitchen-1.23.2/lib/kitchen/shell_out.rb:58:in `run_command'
E, [2018-09-16T20:28:08.881147 #18904] ERROR -- Kitchen: C:/opscode/chefdk/embedded/lib/ruby/gems/2.5.0/gems/kitchen-vagrant-1.3.3/lib/kitchen/driver/vagrant.rb:452:in `run_command'
E, [2018-09-16T20:28:08.881183 #18904] ERROR -- Kitchen: C:/opscode/chefdk/embedded/lib/ruby/gems/2.5.0/gems/kitchen-vagrant-1.3.3/lib/kitchen/driver/vagrant.rb:399:in `run'
E, [2018-09-16T20:28:08.881218 #18904] ERROR -- Kitchen: C:/opscode/chefdk/embedded/lib/ruby/gems/2.5.0/gems/kitchen-vagrant-1.3.3/lib/kitchen/driver/vagrant.rb:473:in `run_silently'
E, [2018-09-16T20:28:08.881254 #18904] ERROR -- Kitchen: C:/opscode/chefdk/embedded/lib/ruby/gems/2.5.0/gems/kitchen-vagrant-1.3.3/lib/kitchen/driver/vagrant.rb:539:in `vagrant_version'
E, [2018-09-16T20:28:08.881287 #18904] ERROR -- Kitchen: C:/opscode/chefdk/embedded/lib/ruby/gems/2.5.0/gems/kitchen-vagrant-1.3.3/lib/kitchen/driver/vagrant.rb:187:in `verify_dependencies'
E, [2018-09-16T20:28:08.881367 #18904] ERROR -- Kitchen: C:/opscode/chefdk/embedded/lib/ruby/gems/2.5.0/gems/test-kitchen-1.23.2/lib/kitchen/driver.rb:43:in `for_plugin'
E, [2018-09-16T20:28:08.881403 #18904] ERROR -- Kitchen: C:/opscode/chefdk/embedded/lib/ruby/gems/2.5.0/gems/test-kitchen-1.23.2/lib/kitchen/config.rb:234:in `new_driver'
E, [2018-09-16T20:28:08.881450 #18904] ERROR -- Kitchen: C:/opscode/chefdk/embedded/lib/ruby/gems/2.5.0/gems/test-kitchen-1.23.2/lib/kitchen/config.rb:247:in `new_instance'
E, [2018-09-16T20:28:08.881487 #18904] ERROR -- Kitchen: C:/opscode/chefdk/embedded/lib/ruby/gems/2.5.0/gems/test-kitchen-1.23.2/lib/kitchen/config.rb:142:in `block in build_instances'
E, [2018-09-16T20:28:08.881523 #18904] ERROR -- Kitchen: C:/opscode/chefdk/embedded/lib/ruby/gems/2.5.0/gems/test-kitchen-1.23.2/lib/kitchen/config.rb:141:in `map'
E, [2018-09-16T20:28:08.881559 #18904] ERROR -- Kitchen: C:/opscode/chefdk/embedded/lib/ruby/gems/2.5.0/gems/test-kitchen-1.23.2/lib/kitchen/config.rb:141:in `with_index'
E, [2018-09-16T20:28:08.881595 #18904] ERROR -- Kitchen: C:/opscode/chefdk/embedded/lib/ruby/gems/2.5.0/gems/test-kitchen-1.23.2/lib/kitchen/config.rb:141:in `build_instances'
E, [2018-09-16T20:28:08.881630 #18904] ERROR -- Kitchen: C:/opscode/chefdk/embedded/lib/ruby/gems/2.5.0/gems/test-kitchen-1.23.2/lib/kitchen/config.rb:117:in `instances'
E, [2018-09-16T20:28:08.881666 #18904] ERROR -- Kitchen: C:/opscode/chefdk/embedded/lib/ruby/gems/2.5.0/gems/test-kitchen-1.23.2/lib/kitchen/command.rb:112:in `filtered_instances'
E, [2018-09-16T20:28:08.881701 #18904] ERROR -- Kitchen: C:/opscode/chefdk/embedded/lib/ruby/gems/2.5.0/gems/test-kitchen-1.23.2/lib/kitchen/command.rb:142:in `parse_subcommand'
E, [2018-09-16T20:28:08.881737 #18904] ERROR -- Kitchen: C:/opscode/chefdk/embedded/lib/ruby/gems/2.5.0/gems/test-kitchen-1.23.2/lib/kitchen/command/test.rb:40:in `block in call'
E, [2018-09-16T20:28:08.881772 #18904] ERROR -- Kitchen: C:/opscode/chefdk/embedded/lib/ruby/2.5.0/benchmark.rb:293:in `measure'
E, [2018-09-16T20:28:08.881808 #18904] ERROR -- Kitchen: C:/opscode/chefdk/embedded/lib/ruby/gems/2.5.0/gems/test-kitchen-1.23.2/lib/kitchen/command/test.rb:38:in `call'
E, [2018-09-16T20:28:08.881848 #18904] ERROR -- Kitchen: C:/opscode/chefdk/embedded/lib/ruby/gems/2.5.0/gems/test-kitchen-1.23.2/lib/kitchen/cli.rb:52:in `perform'
E, [2018-09-16T20:28:08.881884 #18904] ERROR -- Kitchen: C:/opscode/chefdk/embedded/lib/ruby/gems/2.5.0/gems/test-kitchen-1.23.2/lib/kitchen/cli.rb:245:in `test'
E, [2018-09-16T20:28:08.881920 #18904] ERROR -- Kitchen: C:/opscode/chefdk/embedded/lib/ruby/gems/2.5.0/gems/thor-0.20.0/lib/thor/command.rb:27:in `run'
E, [2018-09-16T20:28:08.881956 #18904] ERROR -- Kitchen: C:/opscode/chefdk/embedded/lib/ruby/gems/2.5.0/gems/thor-0.20.0/lib/thor/invocation.rb:126:in `invoke_command'
E, [2018-09-16T20:28:08.881992 #18904] ERROR -- Kitchen: C:/opscode/chefdk/embedded/lib/ruby/gems/2.5.0/gems/thor-0.20.0/lib/thor.rb:387:in `dispatch'
E, [2018-09-16T20:28:08.882045 #18904] ERROR -- Kitchen: C:/opscode/chefdk/embedded/lib/ruby/gems/2.5.0/gems/thor-0.20.0/lib/thor/base.rb:466:in `start'
E, [2018-09-16T20:28:08.882126 #18904] ERROR -- Kitchen: C:/opscode/chefdk/embedded/lib/ruby/gems/2.5.0/gems/test-kitchen-1.23.2/bin/kitchen:13:in `block in <top (required)>'
E, [2018-09-16T20:28:08.882162 #18904] ERROR -- Kitchen: C:/opscode/chefdk/embedded/lib/ruby/gems/2.5.0/gems/test-kitchen-1.23.2/lib/kitchen/errors.rb:171:in `with_friendly_errors'
E, [2018-09-16T20:28:08.882198 #18904] ERROR -- Kitchen: C:/opscode/chefdk/embedded/lib/ruby/gems/2.5.0/gems/test-kitchen-1.23.2/bin/kitchen:13:in `<top (required)>'
E, [2018-09-16T20:28:08.882233 #18904] ERROR -- Kitchen: C:/opscode/chefdk/bin/kitchen:306:in `load'
E, [2018-09-16T20:28:08.882263 #18904] ERROR -- Kitchen: C:/opscode/chefdk/bin/kitchen:306:in `<main>'
E, [2018-09-16T20:28:08.882306 #18904] ERROR -- Kitchen: ----End Backtrace-----
